INFO:root:SELECT * FROM nodes WHERE id = 2
INFO:root:= = = = = = = = = = = = = = = = = = = = = ID: 1100001010022020110000101011 = = = = = = = = = = = = = = = = = = = = =
INFO:root:SELECT id FROM depts WHERE en_long = "School of Political Science and Economics"
INFO:root:SELECT id FROM languages WHERE en = "Japanese"
INFO:root:SELECT id FROM terms WHERE en = "spring semester"
INFO:root:SELECT id FROM campuses WHERE en = "waseda"
INFO:root:INSERT INTO classes_test(year, dept_id, title_jp, title_en, credit, eligible, url, category_jp, category_en, language_id, term_id, campus_id, is_open) VALUES (2020, 1, '基礎演習 ０２', 'Fresh-Start Seminar [J] 02', 3, 1, '1100001010022020110000101011', '演習：入門科目', 'Seminarｓ: Introductory Courses', 2, 1, 1, 0)
INFO:root:Successfully commited data.
INFO:root:INSERT INTO gradings_test (class_id, exam, paper, attendance, others, can_parse, raw) VALUES (3316, '0', '50', '50', 0, 1, '\r\n\r\n\r\nRate\r\nEvaluation Criteria\r\n\r\n\r\nExam:\r\n\r\n0％\r\n\r\n行わない。\r\nPapers:\r\n\r\n50％\r\n\r\n最終的に提出される基礎演習論文と演習内で少なくとも一回課されるレポートで評価する。基礎演習論文は、論文としての体裁が整っているか、演習での議論を反映した内容を備えているかによって評価される。基礎演習論文を提出しない場合は、基礎演習を不合格とする。\n\r\nClass Participation:\r\n\r\n50％\r\n\r\n演習への出席、授業態度、課題の達成度、議論への取り組みなどを、クラスごとに総合的に評価する。\n\r\n')
INFO:root:Successfully commited data.
INFO:root:SELECT * FROM nodes WHERE id = 2
INFO:root:= = = = = = = = = = = = = = = = = = = = = ID: 1100001010022020110000101011 = = = = = = = = = = = = = = = = = = = = =
INFO:root:SELECT id FROM depts WHERE en_long = "School of Political Science and Economics"
INFO:root:SELECT id FROM languages WHERE en = "Japanese"
INFO:root:SELECT id FROM terms WHERE en = "spring semester"
INFO:root:SELECT id FROM campuses WHERE en = "waseda"
INFO:root:INSERT INTO classes_test(year, dept_id, title_jp, title_en, credit, eligible, url, category_jp, category_en, language_id, term_id, campus_id, is_open) VALUES (2020, 1, '基礎演習 ０２', 'Fresh-Start Seminar [J] 02', 3, 1, '1100001010022020110000101011', '演習：入門科目', 'Seminarｓ: Introductory Courses', 2, 1, 1, 0)
INFO:root:Successfully commited data.
INFO:root:SELECT id FROM Subtitle <Element html at 0x110368540>
INFO:root:There was a problem selecting data. Table: Subtitle
INFO:root:SELECT id FROM Course Outline <Element html at 0x110368540>
INFO:root:There was a problem selecting data. Table: Course Outline
INFO:root:SELECT id FROM Objectives <Element html at 0x110368540>
INFO:root:There was a problem selecting data. Table: Objectives
INFO:root:SELECT id FROM before/after course of study <Element html at 0x110368540>
INFO:root:There was a problem selecting data. Table: before/after course of study
INFO:root:SELECT id FROM Course Schedule <Element html at 0x110368540>
INFO:root:There was a problem selecting data. Table: Course Schedule
INFO:root:SELECT id FROM Textbooks <Element html at 0x110368540>
INFO:root:There was a problem selecting data. Table: Textbooks
INFO:root:SELECT id FROM Reference <Element html at 0x110368540>
INFO:root:There was a problem selecting data. Table: Reference
INFO:root:SELECT id FROM Note / URL <Element html at 0x110368540>
INFO:root:There was a problem selecting data. Table: Note / URL
INFO:root:SELECT * FROM nodes WHERE id = 2
INFO:root:= = = = = = = = = = = = = = = = = = = = = ID: 1100001010022020110000101011 = = = = = = = = = = = = = = = = = = = = =
INFO:root:SELECT id FROM depts WHERE en_long = "School of Political Science and Economics"
INFO:root:SELECT id FROM languages WHERE en = "Japanese"
INFO:root:SELECT id FROM terms WHERE en = "spring semester"
INFO:root:SELECT id FROM campuses WHERE en = "waseda"
INFO:root:INSERT INTO classes_test(year, dept_id, title_jp, title_en, credit, eligible, url, category_jp, category_en, language_id, term_id, campus_id, is_open) VALUES (2020, 1, '基礎演習 ０２', 'Fresh-Start Seminar [J] 02', 3, 1, '1100001010022020110000101011', '演習：入門科目', 'Seminarｓ: Introductory Courses', 2, 1, 1, 0)
INFO:root:Successfully commited data.
INFO:root:SELECT * FROM nodes WHERE id = 2
INFO:root:= = = = = = = = = = = = = = = = = = = = = ID: 1100001010022020110000101011 = = = = = = = = = = = = = = = = = = = = =
INFO:root:SELECT id FROM depts WHERE en_long = "School of Political Science and Economics"
INFO:root:SELECT id FROM languages WHERE en = "Japanese"
INFO:root:SELECT id FROM terms WHERE en = "spring semester"
INFO:root:SELECT id FROM campuses WHERE en = "waseda"
INFO:root:INSERT INTO classes_test(year, dept_id, title_jp, title_en, credit, eligible, url, category_jp, category_en, language_id, term_id, campus_id, is_open) VALUES (2020, 1, '基礎演習 ０２', 'Fresh-Start Seminar [J] 02', 3, 1, '1100001010022020110000101011', '演習：入門科目', 'Seminarｓ: Introductory Courses', 2, 1, 1, 0)
INFO:root:Successfully commited data.
INFO:root:INSERT INTO gradings_test (class_id, exam, paper, attendance, others, can_parse, raw) VALUES (3319, '0', '50', '50', 0, 1, '\r\n\r\n\r\nRate\r\nEvaluation Criteria\r\n\r\n\r\nExam:\r\n\r\n0％\r\n\r\n行わない。\r\nPapers:\r\n\r\n50％\r\n\r\n最終的に提出される基礎演習論文と演習内で少なくとも一回課されるレポートで評価する。基礎演習論文は、論文としての体裁が整っているか、演習での議論を反映した内容を備えているかによって評価される。基礎演習論文を提出しない場合は、基礎演習を不合格とする。\n\r\nClass Participation:\r\n\r\n50％\r\n\r\n演習への出席、授業態度、課題の達成度、議論への取り組みなどを、クラスごとに総合的に評価する。\n\r\n')
INFO:root:Successfully commited data.
INFO:root:SELECT * FROM nodes WHERE id = 2
INFO:root:= = = = = = = = = = = = = = = = = = = = = ID: 1100001010022020110000101011 = = = = = = = = = = = = = = = = = = = = =
INFO:root:SELECT id FROM depts WHERE en_long = "School of Political Science and Economics"
INFO:root:SELECT id FROM languages WHERE en = "Japanese"
INFO:root:SELECT id FROM terms WHERE en = "spring semester"
INFO:root:SELECT id FROM campuses WHERE en = "waseda"
INFO:root:INSERT INTO classes_test(year, dept_id, title_jp, title_en, credit, eligible, url, category_jp, category_en, language_id, term_id, campus_id, is_open) VALUES (2020, 1, '基礎演習 ０２', 'Fresh-Start Seminar [J] 02', 3, 1, '1100001010022020110000101011', '演習：入門科目', 'Seminarｓ: Introductory Courses', 2, 1, 1, 0)
INFO:root:Successfully commited data.
INFO:root:INSERT INTO gradings_test (class_id, exam, paper, attendance, others, can_parse, raw) VALUES (3320, '0', '50', '50', 0, 1, '\r\n\r\n\r\nRate\r\nEvaluation Criteria\r\n\r\n\r\nExam:\r\n\r\n0％\r\n\r\n行わない。\r\nPapers:\r\n\r\n50％\r\n\r\n最終的に提出される基礎演習論文と演習内で少なくとも一回課されるレポートで評価する。基礎演習論文は、論文としての体裁が整っているか、演習での議論を反映した内容を備えているかによって評価される。基礎演習論文を提出しない場合は、基礎演習を不合格とする。\n\r\nClass Participation:\r\n\r\n50％\r\n\r\n演習への出席、授業態度、課題の達成度、議論への取り組みなどを、クラスごとに総合的に評価する。\n\r\n')
INFO:root:Successfully commited data.
INFO:root:INSERT INTO details (class_id, subtitle, outline, objective, beforeafter, schedule, textbook, reference, grading_id, note) VALUES (3320, '大学で学問をするために', 'ようこそ、早稲田大学政治経済学部へ。新入生のみなさんは、新しい生活の始まりに、緊張をしながらも、大いに期待を寄せていることだろう。同じように、私たち教職員一同も、みなさんの成長に大いに期待を寄せている。 大学は、高校までとは性格の異なる学びの場であることをまず知ってもらいたい。大学は憲法上保障された「学問の自由」の制度上の担い手である。ここに集う者はみな真理の前に知的廉直を求められる。この知的共同体の一員となることを選んだ以上、みなさんには共同体のルールに従って生活する必要がある。みなさんはもはや「生徒」ではない。「大学生」として遇されるのである。すなわち、自らの責任で学問と向き合い、将来を切り開いていくことが期待されているのである。 本演習は、みなさんが「大学生らしい」存在となるために不可欠な「学問の作法」の習得を目的とする必修科目である。学問の作法に従わないと、最悪の場合、退学処分という重大な帰結を招く可能性があることに留意し、しっかり演習に取り組んでもらいたい。同時に、この演習はクラス制度を兼ねており、担当教員はクラス担任でもある。わからないことや困ったことがあれば遠慮なく相談してほしい。 各クラスは、最大15名の学生と1名の専任教員とで構成される。毎回の演習に参加するにあたっては、教員から与えられる課題に対する入念な準備をすることが求められる。教室では、課題についてのみなさんの報告や発表をもとに全員で議論を行い、読んだり、聴いたり、書いたり、意見を交換したりする基本的な作法を学ぶ。教員と学生の、そして学生同士の密接な知的交流を通じて、大学生活の基礎固めを行うことができるだろう。 本演習の最終課題は、「基礎演習論文」である。本演習に合格するには「基礎演習論文」を提出する必要がある。それまでの課題や討論をもとにした、「論文の作法」にのっとった論文が求められる。みなさんにとって初めての論文執筆は、緊張をともなう経験となるだろうが、心配はいらない。本演習と平行して、学期の後半（第9週以降）には、ライティング・センターの協力を得て「学術的文章の作成」を実践的に学ぶからである。毎週課題を提出し、テューター（指導員）による指導を受けることで、論文の書き方を段階的に身につける。このように一歩一歩進んでゆくことで、初めての論文を楽しみながら書き上げることができるだろう。なお、「学術的文章の作成」は本演習と同様に必修科目である。「政治学演習」、「経済学演習」、「国際政治経済学演習」、「学際領域演習」および「ジャーナリズム・メディア演習」は、本演習と「学術的文章の作成」に合格していないと受講できない。ようこそ、早稲田大学政治経済学部へ。新入生のみなさんは、新しい生活の始まりに、緊張をしながらも、大いに期待を寄せていることだろう。同じように、私たち教職員一同も、みなさんの成長に大いに期待を寄せている。 大学は、高校までとは性格の異なる学びの場であることをまず知ってもらいたい。大学は憲法上保障された「学問の自由」の制度上の担い手である。ここに集う者はみな真理の前に知的廉直を求められる。この知的共同体の一員となることを選んだ以上、みなさんには共同体のルールに従って生活する必要がある。みなさんはもはや「生徒」ではない。「大学生」として遇されるのである。すなわち、自らの責任で学問と向き合い、将来を切り開いていくことが期待されているのである。 本演習は、みなさんが「大学生らしい」存在となるために不可欠な「学問の作法」の習得を目的とする必修科目である。学問の作法に従わないと、最悪の場合、退学処分という重大な帰結を招く可能性があることに留意し、しっかり演習に取り組んでもらいたい。同時に、この演習はクラス制度を兼ねており、担当教員はクラス担任でもある。わからないことや困ったことがあれば遠慮なく相談してほしい。 各クラスは、最大15名の学生と1名の専任教員とで構成される。毎回の演習に参加するにあたっては、教員から与えられる課題に対する入念な準備をすることが求められる。教室では、課題についてのみなさんの報告や発表をもとに全員で議論を行い、読んだり、聴いたり、書いたり、意見を交換したりする基本的な作法を学ぶ。教員と学生の、そして学生同士の密接な知的交流を通じて、大学生活の基礎固めを行うことができるだろう。 本演習の最終課題は、「基礎演習論文」である。本演習に合格するには「基礎演習論文」を提出する必要がある。それまでの課題や討論をもとにした、「論文の作法」にのっとった論文が求められる。みなさんにとって初めての論文執筆は、緊張をともなう経験となるだろうが、心配はいらない。本演習と平行して、学期の後半（第9週以降）には、ライティング・センターの協力を得て「学術的文章の作成」を実践的に学ぶからである。毎週課題を提出し、テューター（指導員）による指導を受けることで、論文の書き方を段階的に身につける。このように一歩一歩進んでゆくことで、初めての論文を楽しみながら書き上げることができるだろう。なお、「学術的文章の作成」は本演習と同様に必修科目である。「政治学演習」、「経済学演習」、「国際政治経済学演習」、「学際領域演習」および「ジャーナリズム・メディア演習」は、本演習と「学術的文章の作成」に合格していないと受講できない。 大学生活の目標は、みなさんが自らの力で問題を発見し、それを解決できるようになること、すなわち「大学生らしく」なることである。この目標を達成するには、実際に「大学生らしく振舞う」ことを体験し、その練習を積むしかない。その練習は本演習から始まる。その先に、新たな自分を作り上げてほしい。', '政治経済学部で学生生活をおくるために不可欠な「学問の作法」として、図書館リテラシー、演習の基本、論文の基本を習得する。\n', '毎週課題が課されるので、十分な予習が必要である。詳しくは授業計画の項を参照せよ。', [], '開講時に指定する。', 2984, '演習の進捗にあわせて適宜紹介する。', '基礎演習以外の演習科目は、基礎演習を履修済みであることを前提とした、発展的な演習である。担当教員の専門とする研究分野をより深く学ぶ内容となっている。大学での学問を深めていくために、ぜひ受講してもらいたい。「政治学演習」、「経済学演習」、「国際政治経済学演習」、「学際領域演習」および「ジャーナリズム・メディア演習」は、基礎演習に合格していないと受講できない。')
INFO:root:There was a problem commiting data.
INFO:root:SELECT * FROM nodes WHERE id = 2
INFO:root:= = = = = = = = = = = = = = = = = = = = = ID: 1100001010022020110000101011 = = = = = = = = = = = = = = = = = = = = =
INFO:root:SELECT id FROM depts WHERE en_long = "School of Political Science and Economics"
INFO:root:SELECT id FROM languages WHERE en = "Japanese"
INFO:root:SELECT id FROM terms WHERE en = "spring semester"
INFO:root:SELECT id FROM campuses WHERE en = "waseda"
INFO:root:INSERT INTO classes_test(year, dept_id, title_jp, title_en, credit, eligible, url, category_jp, category_en, language_id, term_id, campus_id, is_open) VALUES (2020, 1, '基礎演習 ０２', 'Fresh-Start Seminar [J] 02', 3, 1, '1100001010022020110000101011', '演習：入門科目', 'Seminarｓ: Introductory Courses', 2, 1, 1, 0)
INFO:root:Successfully commited data.
INFO:root:INSERT INTO gradings_test (class_id, exam, paper, attendance, others, can_parse, raw) VALUES (3321, '0', '50', '50', 0, 1, '\r\n\r\n\r\nRate\r\nEvaluation Criteria\r\n\r\n\r\nExam:\r\n\r\n0％\r\n\r\n行わない。\r\nPapers:\r\n\r\n50％\r\n\r\n最終的に提出される基礎演習論文と演習内で少なくとも一回課されるレポートで評価する。基礎演習論文は、論文としての体裁が整っているか、演習での議論を反映した内容を備えているかによって評価される。基礎演習論文を提出しない場合は、基礎演習を不合格とする。\n\r\nClass Participation:\r\n\r\n50％\r\n\r\n演習への出席、授業態度、課題の達成度、議論への取り組みなどを、クラスごとに総合的に評価する。\n\r\n')
INFO:root:Successfully commited data.
INFO:root:INSERT INTO details (class_id, subtitle, outline, objective, beforeafter, schedule, textbook, reference, grading_id, note) VALUES (3321, '大学で学問をするために', 'ようこそ、早稲田大学政治経済学部へ。新入生のみなさんは、新しい生活の始まりに、緊張をしながらも、大いに期待を寄せていることだろう。同じように、私たち教職員一同も、みなさんの成長に大いに期待を寄せている。 大学は、高校までとは性格の異なる学びの場であることをまず知ってもらいたい。大学は憲法上保障された「学問の自由」の制度上の担い手である。ここに集う者はみな真理の前に知的廉直を求められる。この知的共同体の一員となることを選んだ以上、みなさんには共同体のルールに従って生活する必要がある。みなさんはもはや「生徒」ではない。「大学生」として遇されるのである。すなわち、自らの責任で学問と向き合い、将来を切り開いていくことが期待されているのである。 本演習は、みなさんが「大学生らしい」存在となるために不可欠な「学問の作法」の習得を目的とする必修科目である。学問の作法に従わないと、最悪の場合、退学処分という重大な帰結を招く可能性があることに留意し、しっかり演習に取り組んでもらいたい。同時に、この演習はクラス制度を兼ねており、担当教員はクラス担任でもある。わからないことや困ったことがあれば遠慮なく相談してほしい。 各クラスは、最大15名の学生と1名の専任教員とで構成される。毎回の演習に参加するにあたっては、教員から与えられる課題に対する入念な準備をすることが求められる。教室では、課題についてのみなさんの報告や発表をもとに全員で議論を行い、読んだり、聴いたり、書いたり、意見を交換したりする基本的な作法を学ぶ。教員と学生の、そして学生同士の密接な知的交流を通じて、大学生活の基礎固めを行うことができるだろう。 本演習の最終課題は、「基礎演習論文」である。本演習に合格するには「基礎演習論文」を提出する必要がある。それまでの課題や討論をもとにした、「論文の作法」にのっとった論文が求められる。みなさんにとって初めての論文執筆は、緊張をともなう経験となるだろうが、心配はいらない。本演習と平行して、学期の後半（第9週以降）には、ライティング・センターの協力を得て「学術的文章の作成」を実践的に学ぶからである。毎週課題を提出し、テューター（指導員）による指導を受けることで、論文の書き方を段階的に身につける。このように一歩一歩進んでゆくことで、初めての論文を楽しみながら書き上げることができるだろう。なお、「学術的文章の作成」は本演習と同様に必修科目である。「政治学演習」、「経済学演習」、「国際政治経済学演習」、「学際領域演習」および「ジャーナリズム・メディア演習」は、本演習と「学術的文章の作成」に合格していないと受講できない。ようこそ、早稲田大学政治経済学部へ。新入生のみなさんは、新しい生活の始まりに、緊張をしながらも、大いに期待を寄せていることだろう。同じように、私たち教職員一同も、みなさんの成長に大いに期待を寄せている。 大学は、高校までとは性格の異なる学びの場であることをまず知ってもらいたい。大学は憲法上保障された「学問の自由」の制度上の担い手である。ここに集う者はみな真理の前に知的廉直を求められる。この知的共同体の一員となることを選んだ以上、みなさんには共同体のルールに従って生活する必要がある。みなさんはもはや「生徒」ではない。「大学生」として遇されるのである。すなわち、自らの責任で学問と向き合い、将来を切り開いていくことが期待されているのである。 本演習は、みなさんが「大学生らしい」存在となるために不可欠な「学問の作法」の習得を目的とする必修科目である。学問の作法に従わないと、最悪の場合、退学処分という重大な帰結を招く可能性があることに留意し、しっかり演習に取り組んでもらいたい。同時に、この演習はクラス制度を兼ねており、担当教員はクラス担任でもある。わからないことや困ったことがあれば遠慮なく相談してほしい。 各クラスは、最大15名の学生と1名の専任教員とで構成される。毎回の演習に参加するにあたっては、教員から与えられる課題に対する入念な準備をすることが求められる。教室では、課題についてのみなさんの報告や発表をもとに全員で議論を行い、読んだり、聴いたり、書いたり、意見を交換したりする基本的な作法を学ぶ。教員と学生の、そして学生同士の密接な知的交流を通じて、大学生活の基礎固めを行うことができるだろう。 本演習の最終課題は、「基礎演習論文」である。本演習に合格するには「基礎演習論文」を提出する必要がある。それまでの課題や討論をもとにした、「論文の作法」にのっとった論文が求められる。みなさんにとって初めての論文執筆は、緊張をともなう経験となるだろうが、心配はいらない。本演習と平行して、学期の後半（第9週以降）には、ライティング・センターの協力を得て「学術的文章の作成」を実践的に学ぶからである。毎週課題を提出し、テューター（指導員）による指導を受けることで、論文の書き方を段階的に身につける。このように一歩一歩進んでゆくことで、初めての論文を楽しみながら書き上げることができるだろう。なお、「学術的文章の作成」は本演習と同様に必修科目である。「政治学演習」、「経済学演習」、「国際政治経済学演習」、「学際領域演習」および「ジャーナリズム・メディア演習」は、本演習と「学術的文章の作成」に合格していないと受講できない。 大学生活の目標は、みなさんが自らの力で問題を発見し、それを解決できるようになること、すなわち「大学生らしく」なることである。この目標を達成するには、実際に「大学生らしく振舞う」ことを体験し、その練習を積むしかない。その練習は本演習から始まる。その先に、新たな自分を作り上げてほしい。', '政治経済学部で学生生活をおくるために不可欠な「学問の作法」として、図書館リテラシー、演習の基本、論文の基本を習得する。\n', '毎週課題が課されるので、十分な予習が必要である。詳しくは授業計画の項を参照せよ。', 'none', '開講時に指定する。', 2985, '演習の進捗にあわせて適宜紹介する。', '基礎演習以外の演習科目は、基礎演習を履修済みであることを前提とした、発展的な演習である。担当教員の専門とする研究分野をより深く学ぶ内容となっている。大学での学問を深めていくために、ぜひ受講してもらいたい。「政治学演習」、「経済学演習」、「国際政治経済学演習」、「学際領域演習」および「ジャーナリズム・メディア演習」は、基礎演習に合格していないと受講できない。')
INFO:root:There was a problem commiting data.
INFO:root:SELECT * FROM nodes WHERE id = 2
INFO:root:= = = = = = = = = = = = = = = = = = = = = ID: 1100001010022020110000101011 = = = = = = = = = = = = = = = = = = = = =
INFO:root:SELECT id FROM depts WHERE en_long = "School of Political Science and Economics"
INFO:root:SELECT id FROM languages WHERE en = "Japanese"
INFO:root:SELECT id FROM terms WHERE en = "spring semester"
INFO:root:SELECT id FROM campuses WHERE en = "waseda"
INFO:root:INSERT INTO classes_test(year, dept_id, title_jp, title_en, credit, eligible, url, category_jp, category_en, language_id, term_id, campus_id, is_open) VALUES (2020, 1, '基礎演習 ０２', 'Fresh-Start Seminar [J] 02', 3, 1, '1100001010022020110000101011', '演習：入門科目', 'Seminarｓ: Introductory Courses', 2, 1, 1, 0)
INFO:root:Successfully commited data.
INFO:root:INSERT INTO gradings_test (class_id, exam, paper, attendance, others, can_parse, raw) VALUES (3322, '0', '50', '50', 0, 1, '\r\n\r\n\r\nRate\r\nEvaluation Criteria\r\n\r\n\r\nExam:\r\n\r\n0％\r\n\r\n行わない。\r\nPapers:\r\n\r\n50％\r\n\r\n最終的に提出される基礎演習論文と演習内で少なくとも一回課されるレポートで評価する。基礎演習論文は、論文としての体裁が整っているか、演習での議論を反映した内容を備えているかによって評価される。基礎演習論文を提出しない場合は、基礎演習を不合格とする。\n\r\nClass Participation:\r\n\r\n50％\r\n\r\n演習への出席、授業態度、課題の達成度、議論への取り組みなどを、クラスごとに総合的に評価する。\n\r\n')
INFO:root:Successfully commited data.
INFO:root:INSERT INTO details (class_id, subtitle, outline, objective, beforeafter, schedule, textbook, reference, grading_id, note) VALUES (3322, '大学で学問をするために', 'ようこそ、早稲田大学政治経済学部へ。新入生のみなさんは、新しい生活の始まりに、緊張をしながらも、大いに期待を寄せていることだろう。同じように、私たち教職員一同も、みなさんの成長に大いに期待を寄せている。 大学は、高校までとは性格の異なる学びの場であることをまず知ってもらいたい。大学は憲法上保障された「学問の自由」の制度上の担い手である。ここに集う者はみな真理の前に知的廉直を求められる。この知的共同体の一員となることを選んだ以上、みなさんには共同体のルールに従って生活する必要がある。みなさんはもはや「生徒」ではない。「大学生」として遇されるのである。すなわち、自らの責任で学問と向き合い、将来を切り開いていくことが期待されているのである。 本演習は、みなさんが「大学生らしい」存在となるために不可欠な「学問の作法」の習得を目的とする必修科目である。学問の作法に従わないと、最悪の場合、退学処分という重大な帰結を招く可能性があることに留意し、しっかり演習に取り組んでもらいたい。同時に、この演習はクラス制度を兼ねており、担当教員はクラス担任でもある。わからないことや困ったことがあれば遠慮なく相談してほしい。 各クラスは、最大15名の学生と1名の専任教員とで構成される。毎回の演習に参加するにあたっては、教員から与えられる課題に対する入念な準備をすることが求められる。教室では、課題についてのみなさんの報告や発表をもとに全員で議論を行い、読んだり、聴いたり、書いたり、意見を交換したりする基本的な作法を学ぶ。教員と学生の、そして学生同士の密接な知的交流を通じて、大学生活の基礎固めを行うことができるだろう。 本演習の最終課題は、「基礎演習論文」である。本演習に合格するには「基礎演習論文」を提出する必要がある。それまでの課題や討論をもとにした、「論文の作法」にのっとった論文が求められる。みなさんにとって初めての論文執筆は、緊張をともなう経験となるだろうが、心配はいらない。本演習と平行して、学期の後半（第9週以降）には、ライティング・センターの協力を得て「学術的文章の作成」を実践的に学ぶからである。毎週課題を提出し、テューター（指導員）による指導を受けることで、論文の書き方を段階的に身につける。このように一歩一歩進んでゆくことで、初めての論文を楽しみながら書き上げることができるだろう。なお、「学術的文章の作成」は本演習と同様に必修科目である。「政治学演習」、「経済学演習」、「国際政治経済学演習」、「学際領域演習」および「ジャーナリズム・メディア演習」は、本演習と「学術的文章の作成」に合格していないと受講できない。ようこそ、早稲田大学政治経済学部へ。新入生のみなさんは、新しい生活の始まりに、緊張をしながらも、大いに期待を寄せていることだろう。同じように、私たち教職員一同も、みなさんの成長に大いに期待を寄せている。 大学は、高校までとは性格の異なる学びの場であることをまず知ってもらいたい。大学は憲法上保障された「学問の自由」の制度上の担い手である。ここに集う者はみな真理の前に知的廉直を求められる。この知的共同体の一員となることを選んだ以上、みなさんには共同体のルールに従って生活する必要がある。みなさんはもはや「生徒」ではない。「大学生」として遇されるのである。すなわち、自らの責任で学問と向き合い、将来を切り開いていくことが期待されているのである。 本演習は、みなさんが「大学生らしい」存在となるために不可欠な「学問の作法」の習得を目的とする必修科目である。学問の作法に従わないと、最悪の場合、退学処分という重大な帰結を招く可能性があることに留意し、しっかり演習に取り組んでもらいたい。同時に、この演習はクラス制度を兼ねており、担当教員はクラス担任でもある。わからないことや困ったことがあれば遠慮なく相談してほしい。 各クラスは、最大15名の学生と1名の専任教員とで構成される。毎回の演習に参加するにあたっては、教員から与えられる課題に対する入念な準備をすることが求められる。教室では、課題についてのみなさんの報告や発表をもとに全員で議論を行い、読んだり、聴いたり、書いたり、意見を交換したりする基本的な作法を学ぶ。教員と学生の、そして学生同士の密接な知的交流を通じて、大学生活の基礎固めを行うことができるだろう。 本演習の最終課題は、「基礎演習論文」である。本演習に合格するには「基礎演習論文」を提出する必要がある。それまでの課題や討論をもとにした、「論文の作法」にのっとった論文が求められる。みなさんにとって初めての論文執筆は、緊張をともなう経験となるだろうが、心配はいらない。本演習と平行して、学期の後半（第9週以降）には、ライティング・センターの協力を得て「学術的文章の作成」を実践的に学ぶからである。毎週課題を提出し、テューター（指導員）による指導を受けることで、論文の書き方を段階的に身につける。このように一歩一歩進んでゆくことで、初めての論文を楽しみながら書き上げることができるだろう。なお、「学術的文章の作成」は本演習と同様に必修科目である。「政治学演習」、「経済学演習」、「国際政治経済学演習」、「学際領域演習」および「ジャーナリズム・メディア演習」は、本演習と「学術的文章の作成」に合格していないと受講できない。 大学生活の目標は、みなさんが自らの力で問題を発見し、それを解決できるようになること、すなわち「大学生らしく」なることである。この目標を達成するには、実際に「大学生らしく振舞う」ことを体験し、その練習を積むしかない。その練習は本演習から始まる。その先に、新たな自分を作り上げてほしい。', '政治経済学部で学生生活をおくるために不可欠な「学問の作法」として、図書館リテラシー、演習の基本、論文の基本を習得する。\n', '毎週課題が課されるので、十分な予習が必要である。詳しくは授業計画の項を参照せよ。', 'none', '開講時に指定する。', '演習の進捗にあわせて適宜紹介する。', 2986, '基礎演習以外の演習科目は、基礎演習を履修済みであることを前提とした、発展的な演習である。担当教員の専門とする研究分野をより深く学ぶ内容となっている。大学での学問を深めていくために、ぜひ受講してもらいたい。「政治学演習」、「経済学演習」、「国際政治経済学演習」、「学際領域演習」および「ジャーナリズム・メディア演習」は、基礎演習に合格していないと受講できない。')
INFO:root:Successfully commited data.
INFO:root:SELECT * FROM nodes WHERE id = 2
INFO:root:= = = = = = = = = = = = = = = = = = = = = ID: 1100001010022020110000101011 = = = = = = = = = = = = = = = = = = = = =
INFO:root:SELECT id FROM depts WHERE en_long = "School of Political Science and Economics"
INFO:root:SELECT id FROM languages WHERE en = "Japanese"
INFO:root:SELECT id FROM terms WHERE en = "spring semester"
INFO:root:SELECT id FROM campuses WHERE en = "waseda"
INFO:root:INSERT INTO classes_test(year, dept_id, title_jp, title_en, credit, eligible, url, category_jp, category_en, language_id, term_id, campus_id, is_open) VALUES (2020, 1, '基礎演習 ０２', 'Fresh-Start Seminar [J] 02', 3, 1, '1100001010022020110000101011', '演習：入門科目', 'Seminarｓ: Introductory Courses', 2, 1, 1, 0)
INFO:root:Successfully commited data.
INFO:root:SELECT id FROM firsts WHERE code = "BSP"
INFO:root:SELECT id FROM seconds WHERE code = "X" AND first_id = 63
INFO:root:SELECT id FROM levels WHERE id = 1
INFO:root:SELECT id FROM thirds WHERE code = "0" AND first_id = 63 AND second_id = 217
INFO:root:SELECT id FROM types WHERE code = "S"
INFO:root:INSERT INTO class_cats_test (class_id, first_id, second_id, third_id, level_id, course_number, type_id) VALUES (3323, 63, 217, 1047, 1, '1', 2)
INFO:root:Successfully commited data.
INFO:root:INSERT INTO periods_test (class_id, `order`, day, period) VALUES (3323, 1, 3, '2')
INFO:root:Successfully commited data.
INFO:root:SELECT id FROM profs_test WHERE name_jp = "小西 和久"
INFO:root:INSERT INTO class_profs_test (class_id, prof_id) VALUES (3323, 867)
INFO:root:Successfully commited data.
INFO:root:SELECT id FROM campuses WHERE en = "waseda"
INFO:root:Classroom is empty
INFO:root:INSERT INTO gradings_test (class_id, exam, paper, attendance, others, can_parse, raw) VALUES (3323, '0', '50', '50', 0, 1, '\r\n\r\n\r\nRate\r\nEvaluation Criteria\r\n\r\n\r\nExam:\r\n\r\n0％\r\n\r\n行わない。\r\nPapers:\r\n\r\n50％\r\n\r\n最終的に提出される基礎演習論文と演習内で少なくとも一回課されるレポートで評価する。基礎演習論文は、論文としての体裁が整っているか、演習での議論を反映した内容を備えているかによって評価される。基礎演習論文を提出しない場合は、基礎演習を不合格とする。\n\r\nClass Participation:\r\n\r\n50％\r\n\r\n演習への出席、授業態度、課題の達成度、議論への取り組みなどを、クラスごとに総合的に評価する。\n\r\n')
INFO:root:Successfully commited data.
INFO:root:INSERT INTO details (class_id, subtitle, outline, objective, beforeafter, schedule, textbook, reference, grading_id, note) VALUES (3323, '大学で学問をするために', 'ようこそ、早稲田大学政治経済学部へ。新入生のみなさんは、新しい生活の始まりに、緊張をしながらも、大いに期待を寄せていることだろう。同じように、私たち教職員一同も、みなさんの成長に大いに期待を寄せている。 大学は、高校までとは性格の異なる学びの場であることをまず知ってもらいたい。大学は憲法上保障された「学問の自由」の制度上の担い手である。ここに集う者はみな真理の前に知的廉直を求められる。この知的共同体の一員となることを選んだ以上、みなさんには共同体のルールに従って生活する必要がある。みなさんはもはや「生徒」ではない。「大学生」として遇されるのである。すなわち、自らの責任で学問と向き合い、将来を切り開いていくことが期待されているのである。 本演習は、みなさんが「大学生らしい」存在となるために不可欠な「学問の作法」の習得を目的とする必修科目である。学問の作法に従わないと、最悪の場合、退学処分という重大な帰結を招く可能性があることに留意し、しっかり演習に取り組んでもらいたい。同時に、この演習はクラス制度を兼ねており、担当教員はクラス担任でもある。わからないことや困ったことがあれば遠慮なく相談してほしい。 各クラスは、最大15名の学生と1名の専任教員とで構成される。毎回の演習に参加するにあたっては、教員から与えられる課題に対する入念な準備をすることが求められる。教室では、課題についてのみなさんの報告や発表をもとに全員で議論を行い、読んだり、聴いたり、書いたり、意見を交換したりする基本的な作法を学ぶ。教員と学生の、そして学生同士の密接な知的交流を通じて、大学生活の基礎固めを行うことができるだろう。 本演習の最終課題は、「基礎演習論文」である。本演習に合格するには「基礎演習論文」を提出する必要がある。それまでの課題や討論をもとにした、「論文の作法」にのっとった論文が求められる。みなさんにとって初めての論文執筆は、緊張をともなう経験となるだろうが、心配はいらない。本演習と平行して、学期の後半（第9週以降）には、ライティング・センターの協力を得て「学術的文章の作成」を実践的に学ぶからである。毎週課題を提出し、テューター（指導員）による指導を受けることで、論文の書き方を段階的に身につける。このように一歩一歩進んでゆくことで、初めての論文を楽しみながら書き上げることができるだろう。なお、「学術的文章の作成」は本演習と同様に必修科目である。「政治学演習」、「経済学演習」、「国際政治経済学演習」、「学際領域演習」および「ジャーナリズム・メディア演習」は、本演習と「学術的文章の作成」に合格していないと受講できない。ようこそ、早稲田大学政治経済学部へ。新入生のみなさんは、新しい生活の始まりに、緊張をしながらも、大いに期待を寄せていることだろう。同じように、私たち教職員一同も、みなさんの成長に大いに期待を寄せている。 大学は、高校までとは性格の異なる学びの場であることをまず知ってもらいたい。大学は憲法上保障された「学問の自由」の制度上の担い手である。ここに集う者はみな真理の前に知的廉直を求められる。この知的共同体の一員となることを選んだ以上、みなさんには共同体のルールに従って生活する必要がある。みなさんはもはや「生徒」ではない。「大学生」として遇されるのである。すなわち、自らの責任で学問と向き合い、将来を切り開いていくことが期待されているのである。 本演習は、みなさんが「大学生らしい」存在となるために不可欠な「学問の作法」の習得を目的とする必修科目である。学問の作法に従わないと、最悪の場合、退学処分という重大な帰結を招く可能性があることに留意し、しっかり演習に取り組んでもらいたい。同時に、この演習はクラス制度を兼ねており、担当教員はクラス担任でもある。わからないことや困ったことがあれば遠慮なく相談してほしい。 各クラスは、最大15名の学生と1名の専任教員とで構成される。毎回の演習に参加するにあたっては、教員から与えられる課題に対する入念な準備をすることが求められる。教室では、課題についてのみなさんの報告や発表をもとに全員で議論を行い、読んだり、聴いたり、書いたり、意見を交換したりする基本的な作法を学ぶ。教員と学生の、そして学生同士の密接な知的交流を通じて、大学生活の基礎固めを行うことができるだろう。 本演習の最終課題は、「基礎演習論文」である。本演習に合格するには「基礎演習論文」を提出する必要がある。それまでの課題や討論をもとにした、「論文の作法」にのっとった論文が求められる。みなさんにとって初めての論文執筆は、緊張をともなう経験となるだろうが、心配はいらない。本演習と平行して、学期の後半（第9週以降）には、ライティング・センターの協力を得て「学術的文章の作成」を実践的に学ぶからである。毎週課題を提出し、テューター（指導員）による指導を受けることで、論文の書き方を段階的に身につける。このように一歩一歩進んでゆくことで、初めての論文を楽しみながら書き上げることができるだろう。なお、「学術的文章の作成」は本演習と同様に必修科目である。「政治学演習」、「経済学演習」、「国際政治経済学演習」、「学際領域演習」および「ジャーナリズム・メディア演習」は、本演習と「学術的文章の作成」に合格していないと受講できない。 大学生活の目標は、みなさんが自らの力で問題を発見し、それを解決できるようになること、すなわち「大学生らしく」なることである。この目標を達成するには、実際に「大学生らしく振舞う」ことを体験し、その練習を積むしかない。その練習は本演習から始まる。その先に、新たな自分を作り上げてほしい。', '政治経済学部で学生生活をおくるために不可欠な「学問の作法」として、図書館リテラシー、演習の基本、論文の基本を習得する。\n', '毎週課題が課されるので、十分な予習が必要である。詳しくは授業計画の項を参照せよ。', 'none', '開講時に指定する。', '演習の進捗にあわせて適宜紹介する。', 2987, '基礎演習以外の演習科目は、基礎演習を履修済みであることを前提とした、発展的な演習である。担当教員の専門とする研究分野をより深く学ぶ内容となっている。大学での学問を深めていくために、ぜひ受講してもらいたい。「政治学演習」、「経済学演習」、「国際政治経済学演習」、「学際領域演習」および「ジャーナリズム・メディア演習」は、基礎演習に合格していないと受講できない。')
INFO:root:Successfully commited data.
INFO:root:SELECT * FROM nodes WHERE id = 2
INFO:root:= = = = = = = = = = = = = = = = = = = = = ID: 1100001010022020110000101011 = = = = = = = = = = = = = = = = = = = = =
INFO:root:SELECT id FROM depts WHERE en_long = "School of Political Science and Economics"
INFO:root:SELECT id FROM languages WHERE en = "Japanese"
INFO:root:SELECT id FROM terms WHERE en = "spring semester"
INFO:root:SELECT id FROM campuses WHERE en = "waseda"
INFO:root:INSERT INTO classes_test(year, dept_id, title_jp, title_en, credit, eligible, url, category_jp, category_en, language_id, term_id, campus_id, is_open, created_at, updated_at) VALUES (2020, 1, '基礎演習 ０２', 'Fresh-Start Seminar [J] 02', 3, 1, '1100001010022020110000101011', '演習：入門科目', 'Seminarｓ: Introductory Courses', 2, 1, 1, 0, '2020-04-08 01:36:34', '2020-04-08 01:36:34')
INFO:root:Successfully commited data.
INFO:root:SELECT id FROM firsts WHERE code = "BSP"
INFO:root:SELECT id FROM seconds WHERE code = "X" AND first_id = 63
INFO:root:SELECT id FROM levels WHERE id = 1
INFO:root:SELECT id FROM thirds WHERE code = "0" AND first_id = 63 AND second_id = 217
INFO:root:SELECT id FROM types WHERE code = "S"
INFO:root:INSERT INTO class_cats_test (class_id, first_id, second_id, third_id, level_id, course_number, type_id, created_at, updated_at) VALUES (3324, 63, 217, 1047, 1, '1', 2, '2020-04-08 01:36:34', '2020-04-08 01:36:34')
INFO:root:Successfully commited data.
INFO:root:INSERT INTO periods_test (class_id, `order`, day, period, created_at, updated_at) VALUES (3324, 1, 3, '2', '2020-04-08 01:36:34', '2020-04-08 01:36:34')
INFO:root:Successfully commited data.
INFO:root:SELECT id FROM profs_test WHERE name_jp = "小西 和久"
INFO:root:INSERT INTO class_profs_test (class_id, prof_id, created_at, updated_at) VALUES (3324, 867, '2020-04-08 01:36:34', '2020-04-08 01:36:34')
INFO:root:Successfully commited data.
INFO:root:SELECT id FROM campuses WHERE en = "waseda"
INFO:root:Classroom is empty
INFO:root:INSERT INTO gradings_test (class_id, exam, paper, attendance, others, can_parse, raw, created_at, updated_at) VALUES (3324, '0', '50', '50', 0, 1, '\r\n\r\n\r\nRate\r\nEvaluation Criteria\r\n\r\n\r\nExam:\r\n\r\n0％\r\n\r\n行わない。\r\nPapers:\r\n\r\n50％\r\n\r\n最終的に提出される基礎演習論文と演習内で少なくとも一回課されるレポートで評価する。基礎演習論文は、論文としての体裁が整っているか、演習での議論を反映した内容を備えているかによって評価される。基礎演習論文を提出しない場合は、基礎演習を不合格とする。\n\r\nClass Participation:\r\n\r\n50％\r\n\r\n演習への出席、授業態度、課題の達成度、議論への取り組みなどを、クラスごとに総合的に評価する。\n\r\n', '2020-04-08 01:36:34', '2020-04-08 01:36:34')
INFO:root:Successfully commited data.
INFO:root:INSERT INTO details (class_id, subtitle, outline, objective, beforeafter, schedule, textbook, reference, grading_id, note, created_at, updated_at) VALUES (3324, '大学で学問をするために', 'ようこそ、早稲田大学政治経済学部へ。新入生のみなさんは、新しい生活の始まりに、緊張をしながらも、大いに期待を寄せていることだろう。同じように、私たち教職員一同も、みなさんの成長に大いに期待を寄せている。 大学は、高校までとは性格の異なる学びの場であることをまず知ってもらいたい。大学は憲法上保障された「学問の自由」の制度上の担い手である。ここに集う者はみな真理の前に知的廉直を求められる。この知的共同体の一員となることを選んだ以上、みなさんには共同体のルールに従って生活する必要がある。みなさんはもはや「生徒」ではない。「大学生」として遇されるのである。すなわち、自らの責任で学問と向き合い、将来を切り開いていくことが期待されているのである。 本演習は、みなさんが「大学生らしい」存在となるために不可欠な「学問の作法」の習得を目的とする必修科目である。学問の作法に従わないと、最悪の場合、退学処分という重大な帰結を招く可能性があることに留意し、しっかり演習に取り組んでもらいたい。同時に、この演習はクラス制度を兼ねており、担当教員はクラス担任でもある。わからないことや困ったことがあれば遠慮なく相談してほしい。 各クラスは、最大15名の学生と1名の専任教員とで構成される。毎回の演習に参加するにあたっては、教員から与えられる課題に対する入念な準備をすることが求められる。教室では、課題についてのみなさんの報告や発表をもとに全員で議論を行い、読んだり、聴いたり、書いたり、意見を交換したりする基本的な作法を学ぶ。教員と学生の、そして学生同士の密接な知的交流を通じて、大学生活の基礎固めを行うことができるだろう。 本演習の最終課題は、「基礎演習論文」である。本演習に合格するには「基礎演習論文」を提出する必要がある。それまでの課題や討論をもとにした、「論文の作法」にのっとった論文が求められる。みなさんにとって初めての論文執筆は、緊張をともなう経験となるだろうが、心配はいらない。本演習と平行して、学期の後半（第9週以降）には、ライティング・センターの協力を得て「学術的文章の作成」を実践的に学ぶからである。毎週課題を提出し、テューター（指導員）による指導を受けることで、論文の書き方を段階的に身につける。このように一歩一歩進んでゆくことで、初めての論文を楽しみながら書き上げることができるだろう。なお、「学術的文章の作成」は本演習と同様に必修科目である。「政治学演習」、「経済学演習」、「国際政治経済学演習」、「学際領域演習」および「ジャーナリズム・メディア演習」は、本演習と「学術的文章の作成」に合格していないと受講できない。ようこそ、早稲田大学政治経済学部へ。新入生のみなさんは、新しい生活の始まりに、緊張をしながらも、大いに期待を寄せていることだろう。同じように、私たち教職員一同も、みなさんの成長に大いに期待を寄せている。 大学は、高校までとは性格の異なる学びの場であることをまず知ってもらいたい。大学は憲法上保障された「学問の自由」の制度上の担い手である。ここに集う者はみな真理の前に知的廉直を求められる。この知的共同体の一員となることを選んだ以上、みなさんには共同体のルールに従って生活する必要がある。みなさんはもはや「生徒」ではない。「大学生」として遇されるのである。すなわち、自らの責任で学問と向き合い、将来を切り開いていくことが期待されているのである。 本演習は、みなさんが「大学生らしい」存在となるために不可欠な「学問の作法」の習得を目的とする必修科目である。学問の作法に従わないと、最悪の場合、退学処分という重大な帰結を招く可能性があることに留意し、しっかり演習に取り組んでもらいたい。同時に、この演習はクラス制度を兼ねており、担当教員はクラス担任でもある。わからないことや困ったことがあれば遠慮なく相談してほしい。 各クラスは、最大15名の学生と1名の専任教員とで構成される。毎回の演習に参加するにあたっては、教員から与えられる課題に対する入念な準備をすることが求められる。教室では、課題についてのみなさんの報告や発表をもとに全員で議論を行い、読んだり、聴いたり、書いたり、意見を交換したりする基本的な作法を学ぶ。教員と学生の、そして学生同士の密接な知的交流を通じて、大学生活の基礎固めを行うことができるだろう。 本演習の最終課題は、「基礎演習論文」である。本演習に合格するには「基礎演習論文」を提出する必要がある。それまでの課題や討論をもとにした、「論文の作法」にのっとった論文が求められる。みなさんにとって初めての論文執筆は、緊張をともなう経験となるだろうが、心配はいらない。本演習と平行して、学期の後半（第9週以降）には、ライティング・センターの協力を得て「学術的文章の作成」を実践的に学ぶからである。毎週課題を提出し、テューター（指導員）による指導を受けることで、論文の書き方を段階的に身につける。このように一歩一歩進んでゆくことで、初めての論文を楽しみながら書き上げることができるだろう。なお、「学術的文章の作成」は本演習と同様に必修科目である。「政治学演習」、「経済学演習」、「国際政治経済学演習」、「学際領域演習」および「ジャーナリズム・メディア演習」は、本演習と「学術的文章の作成」に合格していないと受講できない。 大学生活の目標は、みなさんが自らの力で問題を発見し、それを解決できるようになること、すなわち「大学生らしく」なることである。この目標を達成するには、実際に「大学生らしく振舞う」ことを体験し、その練習を積むしかない。その練習は本演習から始まる。その先に、新たな自分を作り上げてほしい。', '政治経済学部で学生生活をおくるために不可欠な「学問の作法」として、図書館リテラシー、演習の基本、論文の基本を習得する。\n', '毎週課題が課されるので、十分な予習が必要である。詳しくは授業計画の項を参照せよ。', 'none', '開講時に指定する。', '演習の進捗にあわせて適宜紹介する。', 2988, '基礎演習以外の演習科目は、基礎演習を履修済みであることを前提とした、発展的な演習である。担当教員の専門とする研究分野をより深く学ぶ内容となっている。大学での学問を深めていくために、ぜひ受講してもらいたい。「政治学演習」、「経済学演習」、「国際政治経済学演習」、「学際領域演習」および「ジャーナリズム・メディア演習」は、基礎演習に合格していないと受講できない。', '2020-04-08 01:36:34', '2020-04-08 01:36:34')
INFO:root:Successfully commited data.
